<?xml version="1.0" encoding="UTF-8"?>
<!-- Generated by org.testng.reporters.JUnitReportReporter -->
<testsuite hostname="Animesh" failures="0" tests="1" name="com.automationpro.PostRestAPI" time="2.508" errors="0" timestamp="2024-09-21T11:07:57 IST" skipped="0">
  <testcase classname="com.automationpro.PostRestAPI" name="createUserTest" time="2.508"/>
</testsuite> <!-- com.automationpro.PostRestAPI -->
