<?xml version="1.0" encoding="UTF-8"?>
<!-- Generated by org.testng.reporters.JUnitReportReporter -->
<testsuite hostname="Animesh" failures="0" tests="1" name="com.automationpro.SwagLabsLogin" time="0.483" errors="0" timestamp="2024-09-22T23:39:28 IST" skipped="0">
  <testcase classname="com.automationpro.SwagLabsLogin" name="loginTest" time="0.483"/>
</testsuite> <!-- com.automationpro.SwagLabsLogin -->
