<?xml version="1.0" encoding="UTF-8"?>
<!-- Generated by org.testng.reporters.JUnitReportReporter -->
<testsuite hostname="Animesh" failures="0" tests="1" name="com.automationpro.ReqResAPI" time="1.849" errors="0" timestamp="2024-09-22T23:39:28 IST" skipped="0">
  <testcase classname="com.automationpro.ReqResAPI" name="createUserTest" time="1.849"/>
</testsuite> <!-- com.automationpro.ReqResAPI -->
